<?xml version="1.0" encoding="UTF-8"?><testsuite errors="0" failures="1" name="Descarga Documentos Cuenta de Ahorro Despositos" skipped="0" tests="2" time="41.37" timestamp="2020-11-18 05:24:00"><testcase name="Ingreso a Pagina principal"/><testcase name="Descarga Documento"><failure message="Expected enabled element was not enabled" type="net.thucydides.core.webdriver.exceptions.ElementShouldBeEnabledException">Expected enabled element was not enabled</failure><system-err>Expected enabled element was not enabled&#13;
com.tcs.certification.banitsmo.tasks.SeleccionaOpcion.performAs(SeleccionaOpcion.java:15)&#13;
com.tcs.certification.banitsmo.stepDefinitions.DescargaDocumento_StepDefinitios.linaSeleccionaCategoriaDepositos(DescargaDocumento_StepDefinitios.java:60)&#13;
cucumber.runner.Runner.runPickle(Runner.java:80)&#13;
org.eclipse.jdt.internal.junit4.runner.JUnit4TestReference.run(JUnit4TestReference.java:89)&#13;
org.eclipse.jdt.internal.junit.runner.TestExecution.run(TestExecution.java:41)&#13;
org.eclipse.jdt.internal.junit.runner.RemoteTestRunner.runTests(RemoteTestRunner.java:541)&#13;
org.eclipse.jdt.internal.junit.runner.RemoteTestRunner.runTests(RemoteTestRunner.java:763)&#13;
org.eclipse.jdt.internal.junit.runner.RemoteTestRunner.run(RemoteTestRunner.java:463)&#13;
org.eclipse.jdt.internal.junit.runner.RemoteTestRunner.main(RemoteTestRunner.java:209)&#13;
</system-err></testcase></testsuite>